# JRE version: OpenJDK Runtime Environment (8.0_242-b01) (build 1.8.0_242-release-1644-b01)
# Java VM: OpenJDK 64-Bit Server VM (25.242-b01 mixed mode windows-amd64 compressed oops)
Heap:
 PSYoungGen      total 427520K, used 313764K [0x00000000d5580000, 0x00000000fd180000, 0x0000000100000000)
  eden space 406528K, 77% used [0x00000000d5580000,0x00000000e87e9130,0x00000000ee280000)
  from space 20992K, 0% used [0x00000000ee280000,0x00000000ee280000,0x00000000ef700000)
  to   space 25600K, 0% used [0x00000000fb880000,0x00000000fb880000,0x00000000fd180000)
 ParOldGen       total 111616K, used 37078K [0x0000000080000000, 0x0000000086d00000, 0x00000000d5580000)
  object space 111616K, 33% used [0x0000000080000000,0x0000000082435a18,0x0000000086d00000)
 Metaspace       used 66981K, capacity 69994K, committed 70232K, reserved 1110016K
  class space    used 9164K, capacity 9737K, committed 9856K, reserved 1048576K
GC Heap History (10 events):
Event: 50.799 GC heap before
{Heap before GC invocations=8 (full 1):
 PSYoungGen      total 240128K, used 41864K [0x00000000d5580000, 0x00000000e7280000, 0x0000000100000000)
  eden space 227328K, 12% used [0x00000000d5580000,0x00000000d71e9908,0x00000000e3380000)
  from space 12800K, 99% used [0x00000000e6600000,0x00000000e7278920,0x00000000e7280000)
  to   space 16384K, 0% used [0x00000000e5280000,0x00000000e5280000,0x00000000e6280000)
 ParOldGen       total 55808K, used 8188K [0x0000000080000000, 0x0000000083680000, 0x00000000d5580000)
  object space 55808K, 14% used [0x0000000080000000,0x00000000807ff248,0x0000000083680000)
 Metaspace       used 34195K, capacity 35392K, committed 35416K, reserved 1079296K
  class space    used 4698K, capacity 4973K, committed 4992K, reserved 1048576K
Event: 50.811 GC heap after
Heap after GC invocations=8 (full 1):
 PSYoungGen      total 275456K, used 7995K [0x00000000d5580000, 0x00000000f0600000, 0x0000000100000000)
  eden space 259072K, 0% used [0x00000000d5580000,0x00000000d5580000,0x00000000e5280000)
  from space 16384K, 48% used [0x00000000e5280000,0x00000000e5a4ef10,0x00000000e6280000)
  to   space 15360K, 0% used [0x00000000ef700000,0x00000000ef700000,0x00000000f0600000)
 ParOldGen       total 55808K, used 8196K [0x0000000080000000, 0x0000000083680000, 0x00000000d5580000)
  object space 55808K, 14% used [0x0000000080000000,0x0000000080801248,0x0000000083680000)
 Metaspace       used 34195K, capacity 35392K, committed 35416K, reserved 1079296K
  class space    used 4698K, capacity 4973K, committed 4992K, reserved 1048576K
}
Event: 50.811 GC heap before
{Heap before GC invocations=9 (full 2):
 PSYoungGen      total 275456K, used 7995K [0x00000000d5580000, 0x00000000f0600000, 0x0000000100000000)
  eden space 259072K, 0% used [0x00000000d5580000,0x00000000d5580000,0x00000000e5280000)
  from space 16384K, 48% used [0x00000000e5280000,0x00000000e5a4ef10,0x00000000e6280000)
  to   space 15360K, 0% used [0x00000000ef700000,0x00000000ef700000,0x00000000f0600000)
 ParOldGen       total 55808K, used 8196K [0x0000000080000000, 0x0000000083680000, 0x00000000d5580000)
  object space 55808K, 14% used [0x0000000080000000,0x0000000080801248,0x0000000083680000)
 Metaspace       used 34195K, capacity 35392K, committed 35416K, reserved 1079296K
  class space    used 4698K, capacity 4973K, committed 4992K, reserved 1048576K
Event: 50.866 GC heap after
Heap after GC invocations=9 (full 2):
 PSYoungGen      total 275456K, used 0K [0x00000000d5580000, 0x00000000f0600000, 0x0000000100000000)
  eden space 259072K, 0% used [0x00000000d5580000,0x00000000d5580000,0x00000000e5280000)
  from space 16384K, 0% used [0x00000000e5280000,0x00000000e5280000,0x00000000e6280000)
  to   space 15360K, 0% used [0x00000000ef700000,0x00000000ef700000,0x00000000f0600000)
 ParOldGen       total 71680K, used 14556K [0x0000000080000000, 0x0000000084600000, 0x00000000d5580000)
  object space 71680K, 20% used [0x0000000080000000,0x0000000080e370c8,0x0000000084600000)
 Metaspace       used 34195K, capacity 35392K, committed 35416K, reserved 1079296K
  class space    used 4698K, capacity 4973K, committed 4992K, reserved 1048576K
}
Event: 55.125 GC heap before
{Heap before GC invocations=10 (full 2):
 PSYoungGen      total 275456K, used 259072K [0x00000000d5580000, 0x00000000f0600000, 0x0000000100000000)
  eden space 259072K, 100% used [0x00000000d5580000,0x00000000e5280000,0x00000000e5280000)
  from space 16384K, 0% used [0x00000000e5280000,0x00000000e5280000,0x00000000e6280000)
  to   space 15360K, 0% used [0x00000000ef700000,0x00000000ef700000,0x00000000f0600000)
 ParOldGen       total 71680K, used 14556K [0x0000000080000000, 0x0000000084600000, 0x00000000d5580000)
  object space 71680K, 20% used [0x0000000080000000,0x0000000080e370c8,0x0000000084600000)
 Metaspace       used 50409K, capacity 52400K, committed 52696K, reserved 1095680K
  class space    used 6713K, capacity 7094K, committed 7168K, reserved 1048576K
Event: 55.145 GC heap after
Heap after GC invocations=10 (full 2):
 PSYoungGen      total 421888K, used 15337K [0x00000000d5580000, 0x00000000f3a80000, 0x0000000100000000)
  eden space 406528K, 0% used [0x00000000d5580000,0x00000000d5580000,0x00000000ee280000)
  from space 15360K, 99% used [0x00000000ef700000,0x00000000f05fa710,0x00000000f0600000)
  to   space 20992K, 0% used [0x00000000ee280000,0x00000000ee280000,0x00000000ef700000)
 ParOldGen       total 71680K, used 22149K [0x0000000080000000, 0x0000000084600000, 0x00000000d5580000)
  object space 71680K, 30% used [0x0000000080000000,0x00000000815a1498,0x0000000084600000)
 Metaspace       used 50409K, capacity 52400K, committed 52696K, reserved 1095680K
  class space    used 6713K, capacity 7094K, committed 7168K, reserved 1048576K
}
Event: 56.561 GC heap before
{Heap before GC invocations=11 (full 2):
 PSYoungGen      total 421888K, used 148833K [0x00000000d5580000, 0x00000000f3a80000, 0x0000000100000000)
  eden space 406528K, 32% used [0x00000000d5580000,0x00000000dd7ddda8,0x00000000ee280000)
  from space 15360K, 99% used [0x00000000ef700000,0x00000000f05fa710,0x00000000f0600000)
  to   space 20992K, 0% used [0x00000000ee280000,0x00000000ee280000,0x00000000ef700000)
 ParOldGen       total 71680K, used 22149K [0x0000000080000000, 0x0000000084600000, 0x00000000d5580000)
  object space 71680K, 30% used [0x0000000080000000,0x00000000815a1498,0x0000000084600000)
 Metaspace       used 56509K, capacity 58858K, committed 58968K, reserved 1099776K
  class space    used 7713K, capacity 8227K, committed 8320K, reserved 1048576K
Event: 56.601 GC heap after
Heap after GC invocations=11 (full 2):
 PSYoungGen      total 427520K, used 20978K [0x00000000d5580000, 0x00000000fd180000, 0x0000000100000000)
  eden space 406528K, 0% used [0x00000000d5580000,0x00000000d5580000,0x00000000ee280000)
  from space 20992K, 99% used [0x00000000ee280000,0x00000000ef6fca30,0x00000000ef700000)
  to   space 25600K, 0% used [0x00000000fb880000,0x00000000fb880000,0x00000000fd180000)
 ParOldGen       total 71680K, used 26272K [0x0000000080000000, 0x0000000084600000, 0x00000000d5580000)
  object space 71680K, 36% used [0x0000000080000000,0x00000000819a8110,0x0000000084600000)
 Metaspace       used 56509K, capacity 58858K, committed 58968K, reserved 1099776K
  class space    used 7713K, capacity 8227K, committed 8320K, reserved 1048576K
}
Event: 56.601 GC heap before
{Heap before GC invocations=12 (full 3):
 PSYoungGen      total 427520K, used 20978K [0x00000000d5580000, 0x00000000fd180000, 0x0000000100000000)
  eden space 406528K, 0% used [0x00000000d5580000,0x00000000d5580000,0x00000000ee280000)
  from space 20992K, 99% used [0x00000000ee280000,0x00000000ef6fca30,0x00000000ef700000)
  to   space 25600K, 0% used [0x00000000fb880000,0x00000000fb880000,0x00000000fd180000)
 ParOldGen       total 71680K, used 26272K [0x0000000080000000, 0x0000000084600000, 0x00000000d5580000)
  object space 71680K, 36% used [0x0000000080000000,0x00000000819a8110,0x0000000084600000)
 Metaspace       used 56509K, capacity 58858K, committed 58968K, reserved 1099776K
  class space    used 7713K, capacity 8227K, committed 8320K, reserved 1048576K
Event: 56.847 GC heap after
Heap after GC invocations=12 (full 3):
 PSYoungGen      total 427520K, used 0K [0x00000000d5580000, 0x00000000fd180000, 0x0000000100000000)
  eden space 406528K, 0% used [0x00000000d5580000,0x00000000d5580000,0x00000000ee280000)
  from space 20992K, 0% used [0x00000000ee280000,0x00000000ee280000,0x00000000ef700000)
  to   space 25600K, 0% used [0x00000000fb880000,0x00000000fb880000,0x00000000fd180000)
 ParOldGen       total 111616K, used 37078K [0x0000000080000000, 0x0000000086d00000, 0x00000000d5580000)
  object space 111616K, 33% used [0x0000000080000000,0x0000000082435a18,0x0000000086d00000)
 Metaspace       used 56500K, capacity 58828K, committed 58968K, reserved 1099776K
  class space    used 7710K, capacity 8222K, committed 8320K, reserved 1048576K
}

